INFO  2022-03-18 18:17:21.813 [main] DsTracerSpot.getTracerHolder(): accept DsTracerHolder=ru.diasoft.flextera.dstrace.sleuth.DsTracerHolderSleuth
INFO  2022-03-18 18:17:21.857 [main] Detected Java version '1.8.0_221'
DEBUG 2022-03-18 18:17:58.760 [main] exists dstrace property: 'dstrace.enabled'='false'
DEBUG 2022-03-18 18:17:58.760 [main] set property: 'spring.sleuth.enabled'='false'
DEBUG 2022-03-18 18:17:58.760 [main] exists dstrace property: 'dstrace.enabled'='false'
DEBUG 2022-03-18 18:17:58.760 [main] set property: 'spring.sleuth.grpc.enabled'='false'
DEBUG 2022-03-18 18:17:58.761 [main] exists dstrace property: 'dstrace.collector.address'='localhost:9411'
DEBUG 2022-03-18 18:17:58.761 [main] set property: 'spring.zipkin.base-url'='http://localhost:9411'
DEBUG 2022-03-18 18:17:58.890 [main] add environment property sources: MapPropertySource(
	name = 'dsTracePropertySource',
	source = {
		'spring.sleuth.enabled' = 'false',
		'spring.sleuth.grpc.enabled' = 'false',
		'spring.zipkin.base-url' = 'http://localhost:9411'
	},
	propertyNames = ['spring.sleuth.enabled', 'spring.sleuth.grpc.enabled', 'spring.zipkin.base-url']
)
DEBUG 2022-03-18 18:17:58.900 [main] environment: StandardServletEnvironment(
	activeProfiles = ['shared', 'actuator', 'chaos-engineering', 'data-source', 'dslogging', 'dstrace', 'feign', 'jpa', 'kafka', 'license', 'logging', 'messages', 'rest-template', 'security', 'swagger', 'dev'],
	defaultProfiles = ['default'],
	propertySources = [
		ConfigurationPropertySourcesPropertySource(...),
		SimpleCommandLinePropertySource(...),
		StubPropertySource(...),
		StubPropertySource(...),
		PropertiesPropertySource(...),
		OriginAwareSystemEnvironmentPropertySource(...),
		RandomValuePropertySource(...),
		ExtendedDefaultPropertySource(...),
		MapPropertySource(...),
		OriginTrackedMapPropertySource(...),
		OriginTrackedMapPropertySource(...),
		OriginTrackedMapPropertySource(...),
		OriginTrackedMapPropertySource(...),
		OriginTrackedMapPropertySource(...),
		OriginTrackedMapPropertySource(...),
		OriginTrackedMapPropertySource(...),
		OriginTrackedMapPropertySource(...),
		OriginTrackedMapPropertySource(...),
		OriginTrackedMapPropertySource(...),
		OriginTrackedMapPropertySource(...),
		OriginTrackedMapPropertySource(...),
		OriginTrackedMapPropertySource(...),
		OriginTrackedMapPropertySource(...),
		OriginTrackedMapPropertySource(...),
		OriginTrackedMapPropertySource(...),
		OriginTrackedMapPropertySource(...),
		MapPropertySource(...),
		MapPropertySource(...),
		MapPropertySource(...)
	],
	systemProperties = {
		'java.vendor' = 'Oracle Corporation',
		'sun.java.launcher' = 'SUN_STANDARD',
		'sun.management.compiler' = 'HotSpot 64-Bit Tiered Compilers',
		'git.commit.id.describe' = '5814ae3-dirty',
		'spring-boot.run.fork' = 'false',
		'os.name' = 'Windows 10',
		'sun.boot.class.path' = 'C:\Java\jdk8u221\jre\lib\resources.jar;C:\Java\jdk8u221\jre\lib\rt.jar;C:\Java\jdk8u221\jre\lib\sunrsasign.jar;C:\Java\jdk8u221\jre\lib\jsse.jar;C:\Java\jdk8u221\jre\lib\jce.jar;C:\Java\jdk8u221\jre\lib\charsets.jar;C:\Java\jdk8u221\jre\lib\jfr.jar;C:\Java\jdk8u221\jre\classes',
		'user.country.format' = 'RU',
		'LOG_LEVEL_PATTERN' = '%5p [emalko,%X{X-B3-TraceId:-},%X{X-B3-SpanId:-},%X{X-Span-Export:-}]',
		'sun.desktop' = 'windows',
		'java.vm.specification.vendor' = 'Oracle Corporation',
		'java.runtime.version' = '1.8.0_221-b11',
		'user.name' = 'tolisso',
		'idea.version2019.3.3' = 'true',
		'user.language.format' = 'ru',
		'guice.disable.misplaced.annotation.check' = 'true',
		'user.language' = 'en',
		'sun.boot.library.path' = 'C:\Java\jdk8u221\jre\bin',
		'classworlds.conf' = 'C:\Java\apache-maven-3.6.3\bin\m2.conf',
		'PID' = '24752',
		'git.build.user.name' = 'Малько Егор',
		'java.version' = '1.8.0_221',
		'user.timezone' = 'Europe/Moscow',
		'git.local.branch.behind' = '0',
		'sun.arch.data.model' = '64',
		'git.remote.origin.url' = 'git@github.com:tolisso/work-fast-starts.git',
		'git.build.version' = '1.01.01-SNAPSHOT',
		'java.endorsed.dirs' = 'C:\Java\jdk8u221\jre\lib\endorsed',
		'org.springframework.boot.logging.LoggingSystem' = 'org.apache.logging.log4j.spring.cloud.config.client.Log4j2CloudConfigLoggingSystem',
		'sun.cpu.isalist' = 'amd64',
		'sun.jnu.encoding' = 'Cp1252',
		'file.encoding.pkg' = 'sun.io',
		'file.separator' = '\',
		'java.specification.name' = 'Java Platform API Specification',
		'maven.conf' = 'C:\Java\apache-maven-3.6.3/conf',
		'java.class.version' = '52.0',
		'git.commit.message.short' = 'module 17',
		'git.commit.message.full' = 'module 17',
		'user.country' = 'US',
		'java.home' = 'C:\Java\jdk8u221\jre',
		'git.closest.tag.name' = '',
		'java.vm.info' = 'mixed mode',
		'os.version' = '10.0',
		'git.build.host' = 'MSI',
		'git.tags' = '',
		'path.separator' = ';',
		'git.local.branch.ahead' = '0',
		'java.vm.version' = '25.221-b11',
		'git.commit.user.email' = 'emalko@diasoft.ru',
		'git.closest.tag.commit.count' = '',
		'user.variant' = '',
		'maven.ext.class.path' = 'C:\Program Files\JetBrains\IntelliJ IDEA 2019.3.3\plugins\maven\lib\maven-event-listener.jar',
		'spring-boot.run.profiles' = 'dev',
		'java.awt.printerjob' = 'sun.awt.windows.WPrinterJob',
		'sun.io.unicode.encoding' = 'UnicodeLittle',
		'awt.toolkit' = 'sun.awt.windows.WToolkit',
		'user.script' = '',
		'org.apache.logging.log4j.assignedSequences' = '2701',
		'user.home' = 'C:\Users\tolisso',
		'java.specification.vendor' = 'Oracle Corporation',
		'git.total.commit.count' = '16',
		'git.dirty' = 'true',
		'java.library.path' = 'C:\Java\jdk8u221\bin;C:\Windows\Sun\Java\bin;C:\Windows\system32;C:\Windows;C:\Program Files\NVIDIA GPU Computing Toolkit\CUDA\v11.6\bin;C:\Program Files\NVIDIA GPU Computing Toolkit\CUDA\v11.6\libnvvp;C:\Program Files\Common Files\Oracle\Java\javapath;C:\Program Files (x86)\Common Files\Oracle\Java\javapath;C:\Windows\system32;C:\Windows;C:\Windows\System32\Wbem;C:\Windows\System32\WindowsPowerShell\v1.0\;C:\Windows\System32\OpenSSH\;C:\Program Files (x86)\NVIDIA Corporation\PhysX\Common;C:\Program Files\NVIDIA Corporation\NVIDIA NvDLISR;C:\Java\jdk8u221\bin\;C:\Java\apache-maven-3.6.3\bin\;C:\Program Files\Git\cmd;C:\Program Files\PuTTY\;C:\Program Files\TortoiseGit\bin;C:\Tools\apache-zookeeper-3.6.3-bin\bin;C:\Program Files\nodejs\;C:\ProgramData\chocolatey\bin;C:\Program Files\Go\bin;C:\Program Files\Docker\Docker\resources\bin;C:\ProgramData\DockerDesktop\version-bin;C:\Program Files\NVIDIA Corporation\Nsight Compute 2022.1.1\;C:\Users\tolisso\AppData\Local\Microsoft\WindowsApps;C:\Program Files\JetBrains\IntelliJ IDEA 2021.3.1\bin;;C:\Users\tolisso\AppData\Local\GitHubDesktop\bin;C:\Users\tolisso\AppData\Local\Programs\Microsoft VS Code\bin;C:\Users\tolisso\AppData\Roaming\npm;C:\Program Files\JetBrains\PyCharm 2021.3.2\bin;;C:\Users\tolisso\go\bin;;.',
		'java.vendor.url' = 'http://java.oracle.com/',
		'spring.beaninfo.ignore' = 'true',
		'java.vm.vendor' = 'Oracle Corporation',
		'maven.home' = 'C:\Java\apache-maven-3.6.3',
		'java.runtime.name' = 'Java(TM) SE Runtime Environment',
		'sun.java.command' = 'org.codehaus.classworlds.Launcher -Didea.version2019.3.3 spring-boot:run -Dspring-boot.run.profiles=dev -Dspring-boot.run.fork=false -Ddeploy.version=1.01.01-SNAPSHOT',
		'java.class.path' = 'C:\Java\apache-maven-3.6.3\boot\plexus-classworlds-2.6.0.jar;C:\Java\apache-maven-3.6.3\boot\plexus-classworlds.license;C:\Program Files\JetBrains\IntelliJ IDEA 2019.3.3\lib\idea_rt.jar',
		'java.vm.specification.name' = 'Java Virtual Machine Specification',
		'deploy.version' = '1.01.01-SNAPSHOT',
		'java.vm.specification.version' = '1.8',
		'sun.cpu.endian' = 'little',
		'sun.os.patch.level' = '',
		'java.awt.headless' = 'true',
		'java.io.tmpdir' = 'C:\Users\tolisso\AppData\Local\Temp\',
		'java.vendor.url.bug' = 'http://bugreport.sun.com/bugreport/',
		'maven.multiModuleProjectDirectory' = 'C:\Users\tolisso\Programming\Work\work-fast-starts\service',
		'git.commit.id.describe-short' = '5814ae3-dirty',
		'os.arch' = 'amd64',
		'java.awt.graphicsenv' = 'sun.awt.Win32GraphicsEnvironment',
		'git.commit.id' = '5814ae3097c8283a1345f199612bbe26d886b309',
		'java.ext.dirs' = 'C:\Java\jdk8u221\jre\lib\ext;C:\Windows\Sun\Java\lib\ext',
		'user.dir' = 'C:\Users\tolisso\Programming\Work\work-fast-starts\service',
		'git.commit.author.time' = '2022-02-22T11:27:25+0300',
		'git.commit.committer.time' = '2022-02-22T11:27:25+0300',
		'line.separator' = '
',
		'java.vm.name' = 'Java HotSpot(TM) 64-Bit Server VM',
		'git.commit.user.name' = 'Малько Егор',
		'git.branch' = 'module17',
		'git.commit.time' = '2022-02-22T11:27:25+0300',
		'file.encoding' = 'UTF-8',
		'git.build.time' = '2022-03-18T18:17:50+0300',
		'java.specification.version' = '1.8',
		'git.commit.id.abbrev' = '5814ae3',
		'git.build.user.email' = 'emalko@diasoft.ru'
	},
	systemEnvironment = {
		'configsetroot' = 'C:\Windows\ConfigSetRoot',
		'USERDOMAIN_ROAMINGPROFILE' = 'MSI',
		'PROCESSOR_LEVEL' = '6',
		'SESSIONNAME' = 'Console',
		'ALLUSERSPROFILE' = 'C:\ProgramData',
		'JAVA_OPTS' = '-Xmx4g -Xms1g',
		'PROCESSOR_ARCHITECTURE' = 'AMD64',
		'PSModulePath' = 'C:\Program Files\WindowsPowerShell\Modules;C:\Windows\system32\WindowsPowerShell\v1.0\Modules',
		'SystemDrive' = 'C:',
		'MAVEN_HOME' = 'C:\Java\apache-maven-3.6.3',
		'USERNAME' = 'tolisso',
		'ProgramFiles(x86)' = 'C:\Program Files (x86)',
		'FPS_BROWSER_USER_PROFILE_STRING' = 'Default',
		'PATHEXT' = '.COM;.EXE;.BAT;.CMD;.VBS;.VBE;.JS;.JSE;.WSF;.WSH;.MSC',
		'DriverData' = 'C:\Windows\System32\Drivers\DriverData',
		'GOPATH' = 'C:\Users\tolisso\go',
		'ProgramData' = 'C:\ProgramData',
		'ProgramW6432' = 'C:\Program Files',
		'HOMEPATH' = '\Users\tolisso',
		'PROCESSOR_IDENTIFIER' = 'Intel64 Family 6 Model 140 Stepping 1, GenuineIntel',
		'ProgramFiles' = 'C:\Program Files',
		'PUBLIC' = 'C:\Users\Public',
		'windir' = 'C:\Windows',
		'=::' = '::\',
		'ZES_ENABLE_SYSMAN' = '1',
		'ZOOKEEPER_HOME' = 'C:\Tools\apache-zookeeper-3.6.3-bin',
		'LOCALAPPDATA' = 'C:\Users\tolisso\AppData\Local',
		'ChocolateyLastPathUpdate' = '132895812212350380',
		'IntelliJ IDEA' = 'C:\Program Files\JetBrains\IntelliJ IDEA 2021.3.1\bin;',
		'USERDOMAIN' = 'MSI',
		'FPS_BROWSER_APP_PROFILE_STRING' = 'Internet Explorer',
		'LOGONSERVER' = '\\MSI',
		'JAVA_HOME' = 'C:\Java\jdk8u221',
		'MAVEN_OPTS' = '-Xmx4096M',
		'OneDrive' = 'C:\Users\tolisso\OneDrive',
		'APPDATA' = 'C:\Users\tolisso\AppData\Roaming',
		'ChocolateyInstall' = 'C:\ProgramData\chocolatey',
		'CUDA_PATH_V11_6' = 'C:\Program Files\NVIDIA GPU Computing Toolkit\CUDA\v11.6',
		'NVTOOLSEXT_PATH' = 'C:\Program Files\NVIDIA Corporation\NvToolsExt\',
		'CommonProgramFiles' = 'C:\Program Files\Common Files',
		'Path' = 'C:\Program Files\NVIDIA GPU Computing Toolkit\CUDA\v11.6\bin;C:\Program Files\NVIDIA GPU Computing Toolkit\CUDA\v11.6\libnvvp;C:\Program Files\Common Files\Oracle\Java\javapath;C:\Program Files (x86)\Common Files\Oracle\Java\javapath;C:\Windows\system32;C:\Windows;C:\Windows\System32\Wbem;C:\Windows\System32\WindowsPowerShell\v1.0\;C:\Windows\System32\OpenSSH\;C:\Program Files (x86)\NVIDIA Corporation\PhysX\Common;C:\Program Files\NVIDIA Corporation\NVIDIA NvDLISR;C:\Java\jdk8u221\bin\;C:\Java\apache-maven-3.6.3\bin\;C:\Program Files\Git\cmd;C:\Program Files\PuTTY\;C:\Program Files\TortoiseGit\bin;C:\Tools\apache-zookeeper-3.6.3-bin\bin;C:\Program Files\nodejs\;C:\ProgramData\chocolatey\bin;C:\Program Files\Go\bin;C:\Program Files\Docker\Docker\resources\bin;C:\ProgramData\DockerDesktop\version-bin;C:\Program Files\NVIDIA Corporation\Nsight Compute 2022.1.1\;C:\Users\tolisso\AppData\Local\Microsoft\WindowsApps;C:\Program Files\JetBrains\IntelliJ IDEA 2021.3.1\bin;;C:\Users\tolisso\AppData\Local\GitHubDesktop\bin;C:\Users\tolisso\AppData\Local\Programs\Microsoft VS Code\bin;C:\Users\tolisso\AppData\Roaming\npm;C:\Program Files\JetBrains\PyCharm 2021.3.2\bin;;C:\Users\tolisso\go\bin;',
		'PyCharm' = 'C:\Program Files\JetBrains\PyCharm 2021.3.2\bin;',
		'OS' = 'Windows_NT',
		'COMPUTERNAME' = 'MSI',
		'CUDA_PATH' = 'C:\Program Files\NVIDIA GPU Computing Toolkit\CUDA\v11.6',
		'PROCESSOR_REVISION' = '8c01',
		'CommonProgramW6432' = 'C:\Program Files\Common Files',
		'ComSpec' = 'C:\Windows\system32\cmd.exe',
		'SystemRoot' = 'C:\Windows',
		'TEMP' = 'C:\Users\tolisso\AppData\Local\Temp',
		'HOMEDRIVE' = 'C:',
		'USERPROFILE' = 'C:\Users\tolisso',
		'TMP' = 'C:\Users\tolisso\AppData\Local\Temp',
		'CommonProgramFiles(x86)' = 'C:\Program Files (x86)\Common Files',
		'NUMBER_OF_PROCESSORS' = '8',
		'IDEA_INITIAL_DIRECTORY' = 'C:\Program Files\JetBrains\IntelliJ IDEA 2019.3.3\bin'
	},
	conversionService = ConversionService converters =
	@org.springframework.format.annotation.DateTimeFormat java.lang.Long -> java.lang.String: org.springframework.format.datetime.joda.JodaDateTimeFormatAnnotationFormatterFactory@7dae3743,@org.springframework.format.annotation.NumberFormat java.lang.Long -> java.lang.String: org.springframework.format.number.NumberFormatAnnotationFormatterFactory@7f6d8e8d
	@org.springframework.format.annotation.DateTimeFormat java.time.LocalDate -> java.lang.String: org.springframework.format.datetime.standard.Jsr310DateTimeFormatAnnotationFormatterFactory@3eb8c6fc,java.time.LocalDate -> java.lang.String : org.springframework.format.datetime.standard.TemporalAccessorPrinter@277d9338
	@org.springframework.format.annotation.DateTimeFormat java.time.LocalDateTime -> java.lang.String: org.springframework.format.datetime.standard.Jsr310DateTimeFormatAnnotationFormatterFactory@3eb8c6fc,java.time.LocalDateTime -> java.lang.String : org.springframework.format.datetime.standard.TemporalAccessorPrinter@76b4c5b1
	@org.springframework.format.annotation.DateTimeFormat java.time.LocalTime -> java.lang.String: org.springframework.format.datetime.standard.Jsr310DateTimeFormatAnnotationFormatterFactory@3eb8c6fc,java.time.LocalTime -> java.lang.String : org.springframework.format.datetime.standard.TemporalAccessorPrinter@45ecd41e
	@org.springframework.format.annotation.DateTimeFormat java.time.OffsetTime -> java.lang.String: org.springframework.format.datetime.standard.Jsr310DateTimeFormatAnnotationFormatterFactory@3eb8c6fc,java.time.OffsetTime -> java.lang.String : org.springframework.format.datetime.standard.TemporalAccessorPrinter@271aeb89
	@org.springframework.format.annotation.DateTimeFormat java.time.ZonedDateTime -> java.lang.String: org.springframework.format.datetime.standard.Jsr310DateTimeFormatAnnotationFormatterFactory@3eb8c6fc,java.time.ZonedDateTime -> java.lang.String : org.springframework.format.datetime.standard.TemporalAccessorPrinter@4dd3fd99
	@org.springframework.format.annotation.DateTimeFormat java.util.Calendar -> java.lang.String: org.springframework.format.datetime.joda.JodaDateTimeFormatAnnotationFormatterFactory@7dae3743
	@org.springframework.format.annotation.DateTimeFormat java.util.Date -> java.lang.String: org.springframework.format.datetime.joda.JodaDateTimeFormatAnnotationFormatterFactory@7dae3743
	@org.springframework.format.annotation.DateTimeFormat org.joda.time.LocalDate -> java.lang.String: org.springframework.format.datetime.joda.JodaDateTimeFormatAnnotationFormatterFactory@7dae3743,org.joda.time.LocalDate -> java.lang.String : org.springframework.format.datetime.joda.ReadablePartialPrinter@488aa718
	@org.springframework.format.annotation.DateTimeFormat org.joda.time.LocalDateTime -> java.lang.String: org.springframework.format.datetime.joda.JodaDateTimeFormatAnnotationFormatterFactory@7dae3743,org.joda.time.LocalDateTime -> java.lang.String : org.springframework.format.datetime.joda.ReadablePartialPrinter@6c0648d9
	@org.springframework.format.annotation.DateTimeFormat org.joda.time.LocalTime -> java.lang.String: org.springframework.format.datetime.joda.JodaDateTimeFormatAnnotationFormatterFactory@7dae3743,org.joda.time.LocalTime -> java.lang.String : org.springframework.format.datetime.joda.ReadablePartialPrinter@7e92ab7d
	@org.springframework.format.annotation.DateTimeFormat org.joda.time.ReadableInstant -> java.lang.String: org.springframework.format.datetime.joda.JodaDateTimeFormatAnnotationFormatterFactory@7dae3743,org.joda.time.ReadableInstant -> java.lang.String : org.springframework.format.datetime.joda.ReadableInstantPrinter@78256151
	@org.springframework.format.annotation.NumberFormat java.lang.Byte -> java.lang.String: org.springframework.format.number.NumberFormatAnnotationFormatterFactory@7f6d8e8d
	@org.springframework.format.annotation.NumberFormat java.lang.Double -> java.lang.String: org.springframework.format.number.NumberFormatAnnotationFormatterFactory@7f6d8e8d
	@org.springframework.format.annotation.NumberFormat java.lang.Float -> java.lang.String: org.springframework.format.number.NumberFormatAnnotationFormatterFactory@7f6d8e8d
	@org.springframework.format.annotation.NumberFormat java.lang.Integer -> java.lang.String: org.springframework.format.number.NumberFormatAnnotationFormatterFactory@7f6d8e8d
	@org.springframework.format.annotation.NumberFormat java.lang.Short -> java.lang.String: org.springframework.format.number.NumberFormatAnnotationFormatterFactory@7f6d8e8d
	@org.springframework.format.annotation.NumberFormat java.math.BigDecimal -> java.lang.String: org.springframework.format.number.NumberFormatAnnotationFormatterFactory@7f6d8e8d
	@org.springframework.format.annotation.NumberFormat java.math.BigInteger -> java.lang.String: org.springframework.format.number.NumberFormatAnnotationFormatterFactory@7f6d8e8d
	[C -> java.lang.String : org.springframework.boot.convert.CharArrayFormatter@4cdd71af
	java.lang.Boolean -> java.lang.Enum : org.springframework.boot.convert.LenientBooleanToEnumConverterFactory@167fe7bf
	java.lang.Boolean -> java.lang.String : org.springframework.core.convert.support.ObjectToStringConverter@38ba0ebd
	java.lang.Character -> java.lang.Number : org.springframework.core.convert.support.CharacterToNumberFactory@954c7af
	java.lang.Character -> java.lang.String : org.springframework.core.convert.support.ObjectToStringConverter@70e4134e
	java.lang.Enum -> java.lang.Integer : org.springframework.core.convert.support.EnumToIntegerConverter@41741557
	java.lang.Enum -> java.lang.String : org.springframework.core.convert.support.EnumToStringConverter@71b771d2
	java.lang.Integer -> java.lang.Enum : org.springframework.core.convert.support.IntegerToEnumConverterFactory@199056bf
	java.lang.Long -> java.time.Instant : org.springframework.format.datetime.standard.DateTimeConverters$LongToInstantConverter@80c325d
	java.lang.Long -> java.util.Calendar : org.springframework.format.datetime.DateFormatterRegistrar$LongToCalendarConverter@6ec53ff1,java.lang.Long -> java.util.Calendar : org.springframework.format.datetime.DateFormatterRegistrar$LongToCalendarConverter@701f3eef
	java.lang.Long -> java.util.Date : org.springframework.format.datetime.DateFormatterRegistrar$LongToDateConverter@59efadec,java.lang.Long -> java.util.Date : org.springframework.format.datetime.DateFormatterRegistrar$LongToDateConverter@45589592
	java.lang.Long -> org.joda.time.ReadableInstant : org.springframework.format.datetime.joda.JodaTimeConverters$LongToReadableInstantConverter@56a6d4d1
	java.lang.Number -> java.lang.Character : org.springframework.core.convert.support.NumberToCharacterConverter@6389b884
	java.lang.Number -> java.lang.Number : org.springframework.core.convert.support.NumberToNumberConverterFactory@4d71075a
	java.lang.Number -> java.lang.String : org.springframework.core.convert.support.ObjectToStringConverter@7313349e
	java.lang.String -> @org.springframework.format.annotation.DateTimeFormat java.lang.Long: org.springframework.format.datetime.joda.JodaDateTimeFormatAnnotationFormatterFactory@7dae3743,java.lang.String -> @org.springframework.format.annotation.NumberFormat java.lang.Long: org.springframework.format.number.NumberFormatAnnotationFormatterFactory@7f6d8e8d
	java.lang.String -> @org.springframework.format.annotation.DateTimeFormat java.time.LocalDate: org.springframework.format.datetime.standard.Jsr310DateTimeFormatAnnotationFormatterFactory@3eb8c6fc,java.lang.String -> java.time.LocalDate: org.springframework.format.datetime.standard.TemporalAccessorParser@4e0ac350
	java.lang.String -> @org.springframework.format.annotation.DateTimeFormat java.time.LocalDateTime: org.springframework.format.datetime.standard.Jsr310DateTimeFormatAnnotationFormatterFactory@3eb8c6fc,java.lang.String -> java.time.LocalDateTime: org.springframework.format.datetime.standard.TemporalAccessorParser@6ebc9874
	java.lang.String -> @org.springframework.format.annotation.DateTimeFormat java.time.LocalTime: org.springframework.format.datetime.standard.Jsr310DateTimeFormatAnnotationFormatterFactory@3eb8c6fc,java.lang.String -> java.time.LocalTime: org.springframework.format.datetime.standard.TemporalAccessorParser@3d1b7579
	java.lang.String -> @org.springframework.format.annotation.DateTimeFormat java.time.OffsetTime: org.springframework.format.datetime.standard.Jsr310DateTimeFormatAnnotationFormatterFactory@3eb8c6fc,java.lang.String -> java.time.OffsetTime: org.springframework.format.datetime.standard.TemporalAccessorParser@3d0f9061
	java.lang.String -> @org.springframework.format.annotation.DateTimeFormat java.time.ZonedDateTime: org.springframework.format.datetime.standard.Jsr310DateTimeFormatAnnotationFormatterFactory@3eb8c6fc,java.lang.String -> java.time.ZonedDateTime: org.springframework.format.datetime.standard.TemporalAccessorParser@2b85f9e7
	java.lang.String -> @org.springframework.format.annotation.DateTimeFormat java.util.Calendar: org.springframework.format.datetime.joda.JodaDateTimeFormatAnnotationFormatterFactory@7dae3743
	java.lang.String -> @org.springframework.format.annotation.DateTimeFormat java.util.Date: org.springframework.format.datetime.joda.JodaDateTimeFormatAnnotationFormatterFactory@7dae3743
	java.lang.String -> @org.springframework.format.annotation.DateTimeFormat org.joda.time.LocalDate: org.springframework.format.datetime.joda.JodaDateTimeFormatAnnotationFormatterFactory@7dae3743,java.lang.String -> org.joda.time.LocalDate: org.springframework.format.datetime.joda.LocalDateParser@28eaf284
	java.lang.String -> @org.springframework.format.annotation.DateTimeFormat org.joda.time.LocalDateTime: org.springframework.format.datetime.joda.JodaDateTimeFormatAnnotationFormatterFactory@7dae3743,java.lang.String -> org.joda.time.LocalDateTime: org.springframework.format.datetime.joda.LocalDateTimeParser@1307e90f
	java.lang.String -> @org.springframework.format.annotation.DateTimeFormat org.joda.time.LocalTime: org.springframework.format.datetime.joda.JodaDateTimeFormatAnnotationFormatterFactory@7dae3743,java.lang.String -> org.joda.time.LocalTime: org.springframework.format.datetime.joda.LocalTimeParser@71a99393
	java.lang.String -> @org.springframework.format.annotation.DateTimeFormat org.joda.time.ReadableInstant: org.springframework.format.datetime.joda.JodaDateTimeFormatAnnotationFormatterFactory@7dae3743,java.lang.String -> org.joda.time.ReadableInstant: org.springframework.format.datetime.joda.DateTimeParser@452d40cd
	java.lang.String -> @org.springframework.format.annotation.NumberFormat java.lang.Byte: org.springframework.format.number.NumberFormatAnnotationFormatterFactory@7f6d8e8d
	java.lang.String -> @org.springframework.format.annotation.NumberFormat java.lang.Double: org.springframework.format.number.NumberFormatAnnotationFormatterFactory@7f6d8e8d
	java.lang.String -> @org.springframework.format.annotation.NumberFormat java.lang.Float: org.springframework.format.number.NumberFormatAnnotationFormatterFactory@7f6d8e8d
	java.lang.String -> @org.springframework.format.annotation.NumberFormat java.lang.Integer: org.springframework.format.number.NumberFormatAnnotationFormatterFactory@7f6d8e8d
	java.lang.String -> @org.springframework.format.annotation.NumberFormat java.lang.Short: org.springframework.format.number.NumberFormatAnnotationFormatterFactory@7f6d8e8d
	java.lang.String -> @org.springframework.format.annotation.NumberFormat java.math.BigDecimal: org.springframework.format.number.NumberFormatAnnotationFormatterFactory@7f6d8e8d
	java.lang.String -> @org.springframework.format.annotation.NumberFormat java.math.BigInteger: org.springframework.format.number.NumberFormatAnnotationFormatterFactory@7f6d8e8d
	java.lang.String -> [C: org.springframework.boot.convert.CharArrayFormatter@4cdd71af
	java.lang.String -> java.io.File : org.springframework.boot.convert.StringToFileConverter@5780d0c3
	java.lang.String -> java.lang.Boolean : org.springframework.core.convert.support.StringToBooleanConverter@68941e82
	java.lang.String -> java.lang.Character : org.springframework.core.convert.support.StringToCharacterConverter@35ea897e
	java.lang.String -> java.lang.Enum : org.springframework.boot.convert.LenientStringToEnumConverterFactory@16d9dcb6,java.lang.String -> java.lang.Enum : org.springframework.core.convert.support.StringToEnumConverterFactory@391f087d
	java.lang.String -> java.lang.Number : org.springframework.core.convert.support.StringToNumberConverterFactory@26e6b30d
	java.lang.String -> java.net.InetAddress: org.springframework.boot.convert.InetAddressFormatter@79168be0
	java.lang.String -> java.nio.charset.Charset : org.springframework.core.convert.support.StringToCharsetConverter@51a4eb98
	java.lang.String -> java.time.Instant: org.springframework.format.datetime.standard.InstantFormatter@78ebc1e
	java.lang.String -> java.time.Month: org.springframework.format.datetime.standard.MonthFormatter@3c41048
	java.lang.String -> java.time.MonthDay: org.springframework.format.datetime.standard.MonthDayFormatter@10ef1d42
	java.lang.String -> java.time.OffsetDateTime: org.springframework.boot.convert.IsoOffsetFormatter@7bcc386b,java.lang.String -> @org.springframework.format.annotation.DateTimeFormat java.time.OffsetDateTime: org.springframework.format.datetime.standard.Jsr310DateTimeFormatAnnotationFormatterFactory@3eb8c6fc,java.lang.String -> java.time.OffsetDateTime: org.springframework.format.datetime.standard.TemporalAccessorParser@23d464d5
	java.lang.String -> java.time.Period: org.springframework.format.datetime.standard.PeriodFormatter@7fc92f6
	java.lang.String -> java.time.Year: org.springframework.format.datetime.standard.YearFormatter@279318f6
	java.lang.String -> java.time.YearMonth: org.springframework.format.datetime.standard.YearMonthFormatter@ea79b66
	java.lang.String -> java.util.Currency : org.springframework.core.convert.support.StringToCurrencyConverter@7db06320
	java.lang.String -> java.util.Locale : org.springframework.core.convert.support.StringToLocaleConverter@69a1e4
	java.lang.String -> java.util.Properties : org.springframework.core.convert.support.StringToPropertiesConverter@12f34ec9
	java.lang.String -> java.util.TimeZone : org.springframework.core.convert.support.StringToTimeZoneConverter@44f733f5
	java.lang.String -> java.util.UUID : org.springframework.core.convert.support.StringToUUIDConverter@c12262
	java.lang.String -> org.joda.time.Duration: org.springframework.format.datetime.joda.DurationFormatter@375055c9
	java.lang.String -> org.joda.time.MonthDay: org.springframework.format.datetime.joda.MonthDayFormatter@4b288aeb
	java.lang.String -> org.joda.time.Period: org.springframework.format.datetime.joda.PeriodFormatter@1b339831
	java.lang.String -> org.joda.time.YearMonth: org.springframework.format.datetime.joda.YearMonthFormatter@64ac859b
	java.net.InetAddress -> java.lang.String : org.springframework.boot.convert.InetAddressFormatter@79168be0
	java.nio.charset.Charset -> java.lang.String : org.springframework.core.convert.support.ObjectToStringConverter@309b8256
	java.time.Instant -> java.lang.Long : org.springframework.format.datetime.standard.DateTimeConverters$InstantToLongConverter@3b76137c
	java.time.Instant -> java.lang.String : org.springframework.format.datetime.standard.InstantFormatter@78ebc1e
	java.time.LocalDateTime -> java.time.LocalDate : org.springframework.format.datetime.standard.DateTimeConverters$LocalDateTimeToLocalDateConverter@54bb7dcd
	java.time.LocalDateTime -> java.time.LocalTime : org.springframework.format.datetime.standard.DateTimeConverters$LocalDateTimeToLocalTimeConverter@55ce86cd
	java.time.Month -> java.lang.String : org.springframework.format.datetime.standard.MonthFormatter@3c41048
	java.time.MonthDay -> java.lang.String : org.springframework.format.datetime.standard.MonthDayFormatter@10ef1d42
	java.time.OffsetDateTime -> java.lang.String : org.springframework.boot.convert.IsoOffsetFormatter@7bcc386b,@org.springframework.format.annotation.DateTimeFormat java.time.OffsetDateTime -> java.lang.String: org.springframework.format.datetime.standard.Jsr310DateTimeFormatAnnotationFormatterFactory@3eb8c6fc,java.time.OffsetDateTime -> java.lang.String : org.springframework.format.datetime.standard.TemporalAccessorPrinter@7139705e
	java.time.OffsetDateTime -> java.time.Instant : org.springframework.format.datetime.standard.DateTimeConverters$OffsetDateTimeToInstantConverter@459ec6f4
	java.time.OffsetDateTime -> java.time.LocalDate : org.springframework.format.datetime.standard.DateTimeConverters$OffsetDateTimeToLocalDateConverter@31532930
	java.time.OffsetDateTime -> java.time.LocalDateTime : org.springframework.format.datetime.standard.DateTimeConverters$OffsetDateTimeToLocalDateTimeConverter@58465bf3
	java.time.OffsetDateTime -> java.time.LocalTime : org.springframework.format.datetime.standard.DateTimeConverters$OffsetDateTimeToLocalTimeConverter@62fbd2e3
	java.time.OffsetDateTime -> java.time.ZonedDateTime : org.springframework.format.datetime.standard.DateTimeConverters$OffsetDateTimeToZonedDateTimeConverter@6dac68d8
	java.time.Period -> java.lang.String : org.springframework.format.datetime.standard.PeriodFormatter@7fc92f6
	java.time.Year -> java.lang.String : org.springframework.format.datetime.standard.YearFormatter@279318f6
	java.time.YearMonth -> java.lang.String : org.springframework.format.datetime.standard.YearMonthFormatter@ea79b66
	java.time.ZoneId -> java.util.TimeZone : org.springframework.core.convert.support.ZoneIdToTimeZoneConverter@4d7f36d4
	java.time.ZonedDateTime -> java.time.Instant : org.springframework.format.datetime.standard.DateTimeConverters$ZonedDateTimeToInstantConverter@3f6157d4
	java.time.ZonedDateTime -> java.time.LocalDate : org.springframework.format.datetime.standard.DateTimeConverters$ZonedDateTimeToLocalDateConverter@12b31132
	java.time.ZonedDateTime -> java.time.LocalDateTime : org.springframework.format.datetime.standard.DateTimeConverters$ZonedDateTimeToLocalDateTimeConverter@1408ee6f
	java.time.ZonedDateTime -> java.time.LocalTime : org.springframework.format.datetime.standard.DateTimeConverters$ZonedDateTimeToLocalTimeConverter@1bd2adcd
	java.time.ZonedDateTime -> java.time.OffsetDateTime : org.springframework.format.datetime.standard.DateTimeConverters$ZonedDateTimeToOffsetDateTimeConverter@3551eacd
	java.time.ZonedDateTime -> java.util.Calendar : org.springframework.core.convert.support.ZonedDateTimeToCalendarConverter@38bb65b4
	java.util.Calendar -> java.lang.Long : org.springframework.format.datetime.DateFormatterRegistrar$CalendarToLongConverter@2c10f4dc,java.util.Calendar -> java.lang.Long : org.springframework.format.datetime.DateFormatterRegistrar$CalendarToLongConverter@3b04b80e
	java.util.Calendar -> java.time.Instant : org.springframework.format.datetime.standard.DateTimeConverters$CalendarToInstantConverter@5e68f68d
	java.util.Calendar -> java.time.LocalDate : org.springframework.format.datetime.standard.DateTimeConverters$CalendarToLocalDateConverter@1d597d60
	java.util.Calendar -> java.time.LocalDateTime : org.springframework.format.datetime.standard.DateTimeConverters$CalendarToLocalDateTimeConverter@244431e7
	java.util.Calendar -> java.time.LocalTime : org.springframework.format.datetime.standard.DateTimeConverters$CalendarToLocalTimeConverter@2ec3b159
	java.util.Calendar -> java.time.OffsetDateTime : org.springframework.format.datetime.standard.DateTimeConverters$CalendarToOffsetDateTimeConverter@133d2d77
	java.util.Calendar -> java.time.ZonedDateTime : org.springframework.format.datetime.standard.DateTimeConverters$CalendarToZonedDateTimeConverter@794e786e
	java.util.Calendar -> java.util.Date : org.springframework.format.datetime.DateFormatterRegistrar$CalendarToDateConverter@68115319,java.util.Calendar -> java.util.Date : org.springframework.format.datetime.DateFormatterRegistrar$CalendarToDateConverter@76ad40db
	java.util.Calendar -> org.joda.time.ReadableInstant : org.springframework.format.datetime.joda.JodaTimeConverters$CalendarToReadableInstantConverter@19f63725
	java.util.Currency -> java.lang.String : org.springframework.core.convert.support.ObjectToStringConverter@64fd91e5
	java.util.Date -> java.lang.Long : org.springframework.format.datetime.DateFormatterRegistrar$DateToLongConverter@21cc5930,java.util.Date -> java.lang.Long : org.springframework.format.datetime.DateFormatterRegistrar$DateToLongConverter@34454cec
	java.util.Date -> java.util.Calendar : org.springframework.format.datetime.DateFormatterRegistrar$DateToCalendarConverter@274fa50f,java.util.Date -> java.util.Calendar : org.springframework.format.datetime.DateFormatterRegistrar$DateToCalendarConverter@2bd78a8a
	java.util.Date -> org.joda.time.ReadableInstant : org.springframework.format.datetime.joda.JodaTimeConverters$DateToReadableInstantConverter@74c29eb0
	java.util.Locale -> java.lang.String : org.springframework.core.convert.support.ObjectToStringConverter@4a9a79da
	java.util.Properties -> java.lang.String : org.springframework.core.convert.support.PropertiesToStringConverter@7e96e7f3
	java.util.UUID -> java.lang.String : org.springframework.core.convert.support.ObjectToStringConverter@83bf926
	org.joda.time.DateTime -> java.lang.Long : org.springframework.format.datetime.joda.JodaTimeConverters$DateTimeToLongConverter@35bc7ec5
	org.joda.time.DateTime -> java.util.Calendar : org.springframework.format.datetime.joda.JodaTimeConverters$DateTimeToCalendarConverter@5da247a5
	org.joda.time.DateTime -> java.util.Date : org.springframework.format.datetime.joda.JodaTimeConverters$DateTimeToDateConverter@1aeef6e3
	org.joda.time.DateTime -> org.joda.time.DateMidnight : org.springframework.format.datetime.joda.JodaTimeConverters$DateTimeToDateMidnightConverter@56c22922
	org.joda.time.DateTime -> org.joda.time.Instant : org.springframework.format.datetime.joda.JodaTimeConverters$DateTimeToInstantConverter@5db3819b
	org.joda.time.DateTime -> org.joda.time.LocalDate : org.springframework.format.datetime.joda.JodaTimeConverters$DateTimeToLocalDateConverter@2f84f301
	org.joda.time.DateTime -> org.joda.time.LocalDateTime : org.springframework.format.datetime.joda.JodaTimeConverters$DateTimeToLocalDateTimeConverter@3e2f26a8
	org.joda.time.DateTime -> org.joda.time.LocalTime : org.springframework.format.datetime.joda.JodaTimeConverters$DateTimeToLocalTimeConverter@c61f0e9
	org.joda.time.DateTime -> org.joda.time.MutableDateTime : org.springframework.format.datetime.joda.JodaTimeConverters$DateTimeToMutableDateTimeConverter@5e56d400
	org.joda.time.Duration -> java.lang.String : org.springframework.format.datetime.joda.DurationFormatter@375055c9
	org.joda.time.LocalDateTime -> org.joda.time.LocalDate : org.springframework.format.datetime.joda.JodaTimeConverters$LocalDateTimeToLocalDateConverter@3ac296
	org.joda.time.LocalDateTime -> org.joda.time.LocalTime : org.springframework.format.datetime.joda.JodaTimeConverters$LocalDateTimeToLocalTimeConverter@60edfb3f
	org.joda.time.MonthDay -> java.lang.String : org.springframework.format.datetime.joda.MonthDayFormatter@4b288aeb
	org.joda.time.Period -> java.lang.String : org.springframework.format.datetime.joda.PeriodFormatter@1b339831
	org.joda.time.YearMonth -> java.lang.String : org.springframework.format.datetime.joda.YearMonthFormatter@64ac859b
	org.springframework.boot.convert.ArrayToDelimitedStringConverter@58b3a307,org.springframework.core.convert.support.ArrayToStringConverter@72b421ab
	org.springframework.boot.convert.CollectionToDelimitedStringConverter@1c9e7ac4,org.springframework.core.convert.support.CollectionToStringConverter@7af8f01d
	org.springframework.boot.convert.DelimitedStringToArrayConverter@26f7df7a,org.springframework.core.convert.support.StringToArrayConverter@128e91c3
	org.springframework.boot.convert.DelimitedStringToCollectionConverter@28d2d49f,org.springframework.core.convert.support.StringToCollectionConverter@7fc6fbdc
	org.springframework.boot.convert.DurationToNumberConverter@7666fb0f
	org.springframework.boot.convert.DurationToStringConverter@77ca7723,java.time.Duration -> java.lang.String : org.springframework.format.datetime.standard.DurationFormatter@36876d23
	org.springframework.boot.convert.NumberToDataSizeConverter@1c15642c
	org.springframework.boot.convert.NumberToDurationConverter@79964904
	org.springframework.boot.convert.StringToDataSizeConverter@5111ac65
	org.springframework.boot.convert.StringToDurationConverter@441b59a1,java.lang.String -> java.time.Duration: org.springframework.format.datetime.standard.DurationFormatter@36876d23
	org.springframework.core.convert.support.ArrayToArrayConverter@408d541e
	org.springframework.core.convert.support.ArrayToCollectionConverter@b67bee
	org.springframework.core.convert.support.ArrayToObjectConverter@57e0a30e
	org.springframework.core.convert.support.ByteBufferConverter@5b3cca0e
	org.springframework.core.convert.support.ByteBufferConverter@5b3cca0e
	org.springframework.core.convert.support.ByteBufferConverter@5b3cca0e
	org.springframework.core.convert.support.ByteBufferConverter@5b3cca0e
	org.springframework.core.convert.support.CollectionToArrayConverter@49d6ad74
	org.springframework.core.convert.support.CollectionToCollectionConverter@17a867e0
	org.springframework.core.convert.support.CollectionToObjectConverter@1061f6ba
	org.springframework.core.convert.support.FallbackObjectToStringConverter@4c020789
	org.springframework.core.convert.support.IdToEntityConverter@56ab417,org.springframework.core.convert.support.ObjectToObjectConverter@78ff57d4
	org.springframework.core.convert.support.MapToMapConverter@247217f0
	org.springframework.core.convert.support.ObjectToArrayConverter@48a7920
	org.springframework.core.convert.support.ObjectToCollectionConverter@2da494b3
	org.springframework.core.convert.support.ObjectToOptionalConverter@2f775d78
	org.springframework.core.convert.support.ObjectToOptionalConverter@2f775d78
	org.springframework.core.convert.support.ObjectToOptionalConverter@2f775d78
	org.springframework.core.convert.support.StreamConverter@13ecdbb4
	org.springframework.core.convert.support.StreamConverter@13ecdbb4
	org.springframework.core.convert.support.StreamConverter@13ecdbb4
	org.springframework.core.convert.support.StreamConverter@13ecdbb4

)
INFO  2022-03-18 18:17:58.933 [main] The following profiles are active: shared,actuator,chaos-engineering,data-source,dslogging,dstrace,feign,jpa,kafka,license,logging,messages,rest-template,security,swagger,dev
INFO  2022-03-18 18:18:03.406 [main] Bootstrapping Spring Data 'JPA' repositories in 'DEFAULT' mode.
INFO  2022-03-18 18:18:03.472 [main] Finished Spring Data repository scanning in 53ms. Found 0 'JPA' repository interfaces.
INFO  2022-03-18 18:18:04.056 [main] BeanFactory id=ba8522d4-1318-3173-b19a-8bc7b55c2866
INFO  2022-03-18 18:18:04.388 [main] No bean named 'errorChannel' has been explicitly defined. Therefore, a default PublishSubscribeChannel will be created.
INFO  2022-03-18 18:18:04.396 [main] No bean named 'taskScheduler' has been explicitly defined. Therefore, a default ThreadPoolTaskScheduler will be created.
INFO  2022-03-18 18:18:04.406 [main] No bean named 'integrationHeaderChannelRegistry' has been explicitly defined. Therefore, a default DefaultHeaderChannelRegistry will be created.
INFO  2022-03-18 18:18:05.136 [main] Bean 'org.springframework.security.config.annotation.configuration.ObjectPostProcessorConfiguration' of type [org.springframework.security.config.annotation.configuration.ObjectPostProcessorConfiguration] is not eligible for getting processed by all BeanPostProcessors (for example: not eligible for auto-proxying)
INFO  2022-03-18 18:18:05.150 [main] Bean 'objectPostProcessor' of type [org.springframework.security.config.annotation.configuration.AutowireBeanFactoryObjectPostProcessor] is not eligible for getting processed by all BeanPostProcessors (for example: not eligible for auto-proxying)
INFO  2022-03-18 18:18:05.158 [main] Bean 'org.springframework.security.access.expression.method.DefaultMethodSecurityExpressionHandler@c7eb9ce' of type [org.springframework.security.oauth2.provider.expression.OAuth2MethodSecurityExpressionHandler] is not eligible for getting processed by all BeanPostProcessors (for example: not eligible for auto-proxying)
INFO  2022-03-18 18:18:05.161 [main] Bean 'methodSecurityConfig' of type [ru.diasoft.micro.lib.config.MethodSecurityConfig$$EnhancerBySpringCGLIB$$937af1e8] is not eligible for getting processed by all BeanPostProcessors (for example: not eligible for auto-proxying)
INFO  2022-03-18 18:18:05.180 [main] Bean 'methodSecurityMetadataSource' of type [org.springframework.security.access.method.DelegatingMethodSecurityMetadataSource] is not eligible for getting processed by all BeanPostProcessors (for example: not eligible for auto-proxying)
INFO  2022-03-18 18:18:05.190 [main] Bean 'queryDslValueOperatorsConfig' of type [ru.diasoft.micro.querydsl.config.QueryDslValueOperatorsConfig$$EnhancerBySpringCGLIB$$523c4ac4] is not eligible for getting processed by all BeanPostProcessors (for example: not eligible for auto-proxying)
INFO  2022-03-18 18:18:05.202 [main] Bean 'org.springframework.data.web.config.QuerydslWebConfiguration' of type [org.springframework.data.web.config.QuerydslWebConfiguration$$EnhancerBySpringCGLIB$$463e7feb] is not eligible for getting processed by all BeanPostProcessors (for example: not eligible for auto-proxying)
INFO  2022-03-18 18:18:05.230 [main] Bean 'querydslBindingsFactory' of type [org.springframework.data.querydsl.binding.QuerydslBindingsFactory] is not eligible for getting processed by all BeanPostProcessors (for example: not eligible for auto-proxying)
INFO  2022-03-18 18:18:05.245 [main] Bean 'defaultFormattingConfig' of type [ru.diasoft.micro.lib.config.DefaultFormattingConfig$$EnhancerBySpringCGLIB$$5890dac1] is not eligible for getting processed by all BeanPostProcessors (for example: not eligible for auto-proxying)
INFO  2022-03-18 18:18:05.252 [main] Bean 'defaultFormattingConversionService' of type [org.springframework.format.support.DefaultFormattingConversionService] is not eligible for getting processed by all BeanPostProcessors (for example: not eligible for auto-proxying)
INFO  2022-03-18 18:18:05.320 [main] Bean 'org.springframework.integration.config.IntegrationManagementConfiguration' of type [org.springframework.integration.config.IntegrationManagementConfiguration] is not eligible for getting processed by all BeanPostProcessors (for example: not eligible for auto-proxying)
INFO  2022-03-18 18:18:05.355 [main] Bean 'integrationChannelResolver' of type [org.springframework.integration.support.channel.BeanFactoryChannelResolver] is not eligible for getting processed by all BeanPostProcessors (for example: not eligible for auto-proxying)
INFO  2022-03-18 18:18:05.361 [main] Bean 'integrationDisposableAutoCreatedBeans' of type [org.springframework.integration.config.annotation.Disposables] is not eligible for getting processed by all BeanPostProcessors (for example: not eligible for auto-proxying)
INFO  2022-03-18 18:18:07.852 [main] Tomcat initialized with port(s): 7081 (http)
INFO  2022-03-18 18:18:08.018 [main] Root WebApplicationContext: initialization completed in 7629 ms
WARN  2022-03-18 18:18:08.388 [main] No URLs will be polled as dynamic configuration sources.
INFO  2022-03-18 18:18:08.388 [main] To enable URLs as dynamic configuration sources, define System property archaius.configurationSource.additionalUrls or make config.properties available on classpath.
INFO  2022-03-18 18:18:08.431 [main] DynamicPropertyFactory is initialized with configuration sources: com.netflix.config.ConcurrentCompositeConfiguration@33dbf2f4
INFO  2022-03-18 18:18:10.086 [main] Initializing ExecutorService 'taskScheduler'
INFO  2022-03-18 18:18:10.617 [main] HHH000204: Processing PersistenceUnitInfo [name: default]
INFO  2022-03-18 18:18:10.782 [main] HHH000412: Hibernate ORM core version 5.4.12.Final
INFO  2022-03-18 18:18:11.020 [main] HCANN000001: Hibernate Commons Annotations {5.1.0.Final}
INFO  2022-03-18 18:18:11.195 [main] 'HikariPool-1' - Starting...
INFO  2022-03-18 18:18:11.437 [main] 'HikariPool-1' - Start completed.
INFO  2022-03-18 18:18:11.462 [main] HHH000400: Using dialect: org.hibernate.dialect.H2Dialect
INFO  2022-03-18 18:18:15.262 [main] HHH000490: Using JtaPlatform implementation: [org.hibernate.engine.transaction.jta.platform.internal.NoJtaPlatform]
INFO  2022-03-18 18:18:15.294 [main] Initialized JPA EntityManagerFactory for persistence unit 'default'
INFO  2022-03-18 18:18:17.658 [main] 'Eureka' server 'http://localhost:8761/eureka/' is not available
INFO  2022-03-18 18:18:17.659 [main] 'Kubernetes' server is not available
INFO  2022-03-18 18:18:17.763 [main] MDPRibbon Discovery Client initializing
INFO  2022-03-18 18:18:19.399 [main] Exposing 20 endpoint(s) beneath base path '/actuator'
WARN  2022-03-18 18:18:20.842 [main] No URLs will be polled as dynamic configuration sources.
INFO  2022-03-18 18:18:20.842 [main] To enable URLs as dynamic configuration sources, define System property archaius.configurationSource.additionalUrls or make config.properties available on classpath.
INFO  2022-03-18 18:18:21.162 [main] Initializing ExecutorService 'applicationTaskExecutor'
INFO  2022-03-18 18:18:22.506 [main] Looking up function 'InMemorySwaggerResourcesProviderStub' with acceptedOutputTypes: []
INFO  2022-03-18 18:18:23.263 [main] 

Using generated security password: 02014777-5ef3-436e-85f5-eaa6484ebb15

INFO  2022-03-18 18:18:24.206 [main] Creating filter chain: any request, [org.springframework.security.web.context.request.async.WebAsyncManagerIntegrationFilter@75eb3389, org.springframework.security.web.context.SecurityContextPersistenceFilter@55c296a9, org.springframework.security.web.header.HeaderWriterFilter@1ab1ff4a, org.springframework.security.web.authentication.logout.LogoutFilter@3554ad72, org.springframework.security.oauth2.provider.authentication.OAuth2AuthenticationProcessingFilter@6fef0776, org.springframework.security.web.savedrequest.RequestCacheAwareFilter@7f131074, org.springframework.security.web.servletapi.SecurityContextHolderAwareRequestFilter@7381e43f, org.springframework.security.web.authentication.AnonymousAuthenticationFilter@3a9869a, org.springframework.security.web.session.SessionManagementFilter@17111919, org.springframework.security.web.access.ExceptionTranslationFilter@5a0d2ff0, org.springframework.security.web.access.intercept.FilterSecurityInterceptor@62448ff5]
WARN  2022-03-18 18:18:25.401 [main] All Spring Cloud Security modules and starters are deprecated. They will be moved to individual projects in the next major release.
INFO  2022-03-18 18:18:25.814 [main] Adding {logging-channel-adapter:_org.springframework.integration.errorLogger} as a subscriber to the 'errorChannel' channel
INFO  2022-03-18 18:18:25.815 [main] Channel 'emalko-1.errorChannel' has 1 subscriber(s).
INFO  2022-03-18 18:18:25.815 [main] started bean '_org.springframework.integration.errorLogger'
INFO  2022-03-18 18:18:26.653 [main] Tomcat started on port(s): 7081 (http) with context path '/emalko'
INFO  2022-03-18 18:18:26.884 [main] Started EmalkoApplication in 30.12 seconds (JVM running for 47.658)
INFO  2022-03-18 18:18:43.988 [http-nio-7081-exec-2] Initializing Servlet 'dispatcherServlet'
INFO  2022-03-18 18:18:44.014 [http-nio-7081-exec-2] Completed initialization in 25 ms
INFO  2022-03-18 18:18:44.101 [http-nio-7081-exec-2] hello() elapsed time: 1748400ms
